TN:
SF:src\api\apiClient.js
FN:48,processQueue
FN:49,(anonymous_1)
FN:54,(anonymous_2)
FN:66,(anonymous_3)
FN:68,(anonymous_4)
FN:95,runCircuit
FN:110,applyGate
FN:124,createTemplate
FN:130,getMyTemplates
FN:139,getPublicTemplates
FN:150,getTemplateById
FN:160,updateTemplate
FN:169,deleteTemplate
FN:181,loginUser
FN:192,registerUser
FN:198,logoutUser
FN:210,saveCircuit
FN:220,getMineCircuits
FN:229,getCircuitById
FN:239,updateCircuit
FN:248,deleteCircuit
FN:254,getMe
FNF:22
FNH:5
FNDA:3,processQueue
FNDA:2,(anonymous_1)
FNDA:8,(anonymous_2)
FNDA:2,(anonymous_3)
FNDA:1,(anonymous_4)
FNDA:0,runCircuit
FNDA:0,applyGate
FNDA:0,createTemplate
FNDA:0,getMyTemplates
FNDA:0,getPublicTemplates
FNDA:0,getTemplateById
FNDA:0,updateTemplate
FNDA:0,deleteTemplate
FNDA:0,loginUser
FNDA:0,registerUser
FNDA:0,logoutUser
FNDA:0,saveCircuit
FNDA:0,getMineCircuits
FNDA:0,getCircuitById
FNDA:0,updateCircuit
FNDA:0,deleteCircuit
FNDA:0,getMe
DA:39,1
DA:45,1
DA:46,1
DA:49,3
DA:50,3
DA:54,1
DA:55,8
DA:56,8
DA:57,8
DA:60,8
DA:61,3
DA:64,5
DA:66,2
DA:67,2
DA:69,1
DA:70,1
DA:74,3
DA:75,3
DA:76,3
DA:77,2
DA:78,2
DA:79,2
DA:81,1
DA:82,1
DA:83,1
DA:85,3
DA:96,0
DA:97,0
DA:111,0
DA:114,0
DA:115,0
DA:125,0
DA:126,0
DA:131,0
DA:132,0
DA:140,0
DA:143,0
DA:151,0
DA:152,0
DA:161,0
DA:162,0
DA:170,0
DA:171,0
DA:182,0
DA:183,0
DA:193,0
DA:194,0
DA:199,0
DA:200,0
DA:211,0
DA:212,0
DA:221,0
DA:222,0
DA:230,0
DA:231,0
DA:240,0
DA:241,0
DA:249,0
DA:250,0
DA:255,0
DA:256,0
LF:61
LH:26
BRDA:40,0,0,1
BRDA:40,0,1,0
BRDA:49,1,0,1
BRDA:49,1,1,1
BRDA:56,2,0,8
BRDA:56,2,1,0
BRDA:60,3,0,3
BRDA:60,3,1,5
BRDA:60,4,0,8
BRDA:60,4,1,8
BRDA:60,4,2,7
BRDA:60,4,3,6
BRDA:64,5,0,2
BRDA:64,5,1,3
BRDA:95,6,0,0
BRDA:111,7,0,0
BRDA:111,7,1,0
BRDA:141,8,0,0
BRDA:141,8,1,0
BRDA:220,9,0,0
BRDA:220,10,0,0
BRF:21
BRH:12
end_of_record
TN:
SF:src\context\AuthContext.jsx
FN:22,AuthProvider
FN:26,(anonymous_1)
FN:28,(anonymous_2)
FN:29,(anonymous_3)
FN:30,(anonymous_4)
FN:33,(anonymous_5)
FN:39,(anonymous_6)
FN:45,(anonymous_7)
FNF:8
FNH:8
FNDA:13,AuthProvider
FNDA:5,(anonymous_1)
FNDA:2,(anonymous_2)
FNDA:3,(anonymous_3)
FNDA:5,(anonymous_4)
FNDA:1,(anonymous_5)
FNDA:1,(anonymous_6)
FNDA:1,(anonymous_7)
DA:23,13
DA:24,13
DA:26,13
DA:27,5
DA:28,2
DA:29,3
DA:30,5
DA:33,13
DA:34,1
DA:35,1
DA:36,1
DA:39,13
DA:40,1
DA:41,1
DA:42,1
DA:45,13
DA:46,1
DA:47,1
DA:50,13
LF:19
LH:19
BRF:0
BRH:0
end_of_record
TN:
SF:src\context\AuthContextDefinition.js
FNF:0
FNH:0
DA:3,2
LF:1
LH:1
BRF:0
BRH:0
end_of_record
TN:
SF:src\features\circuit-builder\circuitBuilder.constants.js
FN:100,(anonymous_0)
FN:108,(anonymous_1)
FNF:2
FNH:0
FNDA:0,(anonymous_0)
FNDA:0,(anonymous_1)
DA:3,2
DA:9,2
DA:10,2
DA:12,2
DA:55,2
DA:100,2
DA:108,2
LF:7
LH:7
BRDA:102,0,0,0
BRDA:102,0,1,0
BRDA:103,1,0,0
BRDA:103,1,1,0
BRDA:104,2,0,0
BRDA:104,2,1,0
BRDA:105,3,0,0
BRDA:105,3,1,0
BRDA:110,4,0,0
BRDA:110,4,1,0
BRDA:111,5,0,0
BRDA:111,5,1,0
BRDA:112,6,0,0
BRDA:112,6,1,0
BRF:14
BRH:0
end_of_record
TN:
SF:src\features\circuit-builder\circuitBuilder.utils.js
FN:6,(anonymous_0)
FN:6,(anonymous_1)
FN:7,(anonymous_2)
FN:7,(anonymous_3)
FN:10,(anonymous_4)
FN:19,normalizeTemplateCircuit
FN:38,buildGateSequenceFromCircuit
FN:74,(anonymous_7)
FNF:8
FNH:5
FNDA:5,(anonymous_0)
FNDA:15,(anonymous_1)
FNDA:0,(anonymous_2)
FNDA:0,(anonymous_3)
FNDA:22,(anonymous_4)
FNDA:3,normalizeTemplateCircuit
FNDA:2,buildGateSequenceFromCircuit
FNDA:0,(anonymous_7)
DA:4,2
DA:6,15
DA:7,2
DA:10,2
DA:11,22
DA:12,8
DA:13,3
DA:15,0
DA:16,3
DA:20,3
DA:22,3
DA:23,2
DA:24,2
DA:26,2
DA:27,16
DA:28,16
DA:30,15
DA:35,3
DA:39,2
DA:40,2
DA:42,2
DA:43,16
DA:44,48
DA:45,48
DA:48,2
DA:49,0
DA:50,0
DA:59,0
DA:62,2
DA:71,2
DA:74,2
LF:31
LH:27
BRDA:11,0,0,14
BRDA:11,0,1,8
BRDA:12,1,0,5
BRDA:12,1,1,3
BRDA:12,2,0,8
BRDA:12,2,1,6
BRDA:12,2,2,4
BRDA:12,2,3,3
BRDA:13,3,0,0
BRDA:13,3,1,3
BRDA:13,4,0,3
BRDA:13,4,1,2
BRDA:13,4,2,0
BRDA:13,4,3,0
BRDA:13,4,4,0
BRDA:13,4,5,0
BRDA:22,5,0,3
BRDA:22,5,1,0
BRDA:24,6,0,0
BRDA:24,6,1,2
BRDA:28,7,0,15
BRDA:28,7,1,1
BRDA:30,8,0,0
BRDA:30,8,1,15
BRDA:30,9,0,15
BRDA:30,9,1,2
BRDA:45,10,0,46
BRDA:45,10,1,2
BRDA:48,11,0,0
BRDA:48,11,1,2
BRDA:48,12,0,2
BRDA:48,12,1,0
BRDA:49,13,0,0
BRDA:49,13,1,0
BRDA:75,14,0,0
BRDA:75,14,1,0
BRDA:75,15,0,0
BRDA:75,15,1,0
BRDA:76,16,0,0
BRDA:76,16,1,0
BRDA:76,17,0,0
BRDA:76,17,1,0
BRDA:77,18,0,0
BRDA:77,18,1,0
BRDA:77,19,0,0
BRDA:77,19,1,0
BRF:46
BRH:22
end_of_record
TN:
SF:src\features\circuit-builder\useAutoPlay.js
FN:9,useAutoPlay
FN:19,(anonymous_1)
FN:28,(anonymous_2)
FN:31,(anonymous_3)
FNF:4
FNH:0
FNDA:0,useAutoPlay
FNDA:0,(anonymous_1)
FNDA:0,(anonymous_2)
FNDA:0,(anonymous_3)
DA:19,0
DA:20,0
DA:21,0
DA:22,0
DA:23,0
DA:25,0
DA:27,0
DA:28,0
DA:31,0
DA:32,0
DA:33,0
DA:34,0
DA:37,0
LF:13
LH:0
BRDA:20,0,0,0
BRDA:20,0,1,0
BRDA:21,1,0,0
BRDA:21,1,1,0
BRDA:21,2,0,0
BRDA:21,2,1,0
BRDA:25,3,0,0
BRDA:25,3,1,0
BRDA:32,4,0,0
BRDA:32,4,1,0
BRDA:33,5,0,0
BRDA:33,5,1,0
BRDA:33,6,0,0
BRDA:33,6,1,0
BRF:14
BRH:0
end_of_record
TN:
SF:src\features\circuit-builder\useSaveCircuit.js
FN:12,useSaveCircuit
FN:21,(anonymous_1)
FN:27,(anonymous_2)
FN:29,(anonymous_3)
FN:42,(anonymous_4)
FN:45,(anonymous_5)
FN:50,(anonymous_6)
FN:52,(anonymous_7)
FN:56,(anonymous_8)
FN:58,(anonymous_9)
FNF:10
FNH:8
FNDA:33,useSaveCircuit
FNDA:9,(anonymous_1)
FNDA:1,(anonymous_2)
FNDA:5,(anonymous_3)
FNDA:1,(anonymous_4)
FNDA:1,(anonymous_5)
FNDA:13,(anonymous_6)
FNDA:0,(anonymous_7)
FNDA:14,(anonymous_8)
FNDA:0,(anonymous_9)
DA:13,33
DA:15,33
DA:16,33
DA:17,33
DA:18,33
DA:19,33
DA:21,33
DA:22,9
DA:23,8
DA:24,9
DA:27,33
DA:29,33
DA:30,5
DA:31,5
DA:32,5
DA:33,5
DA:34,5
DA:35,1
DA:37,4
DA:38,2
DA:40,3
DA:41,3
DA:42,3
DA:44,2
DA:45,2
DA:50,33
DA:51,13
DA:52,0
DA:56,33
DA:57,14
DA:58,0
DA:61,33
LF:32
LH:30
BRDA:22,0,0,1
BRDA:22,0,1,8
BRDA:23,1,0,8
BRDA:23,1,1,8
BRDA:33,2,0,5
BRDA:33,2,1,0
BRDA:34,3,0,1
BRDA:34,3,1,4
BRDA:51,4,0,13
BRDA:51,4,1,0
BRDA:51,5,0,13
BRDA:51,5,1,0
BRDA:57,6,0,14
BRDA:57,6,1,0
BRDA:57,7,0,14
BRDA:57,7,1,0
BRF:16
BRH:11
end_of_record
TN:
SF:src\features\circuit-builder\useTemplateLoader.js
FN:12,useTemplateLoader
FN:25,(anonymous_1)
FN:25,(anonymous_2)
FN:25,(anonymous_3)
FN:27,(anonymous_4)
FN:33,(anonymous_5)
FN:42,(anonymous_6)
FN:47,(anonymous_7)
FN:55,(anonymous_8)
FN:64,(anonymous_9)
FN:73,(anonymous_10)
FN:80,(anonymous_11)
FN:86,(anonymous_12)
FNF:13
FNH:13
FNDA:12,useTemplateLoader
FNDA:6,(anonymous_1)
FNDA:8,(anonymous_2)
FNDA:20,(anonymous_3)
FNDA:3,(anonymous_4)
FNDA:6,(anonymous_5)
FNDA:2,(anonymous_6)
FNDA:3,(anonymous_7)
FNDA:6,(anonymous_8)
FNDA:1,(anonymous_9)
FNDA:1,(anonymous_10)
FNDA:1,(anonymous_11)
FNDA:1,(anonymous_12)
DA:19,12
DA:20,12
DA:23,12
DA:25,20
DA:27,12
DA:28,3
DA:29,3
DA:33,12
DA:34,6
DA:35,6
DA:37,4
DA:38,6
DA:40,4
DA:42,4
DA:44,4
DA:45,1
DA:47,3
DA:55,12
DA:56,6
DA:57,6
DA:59,2
DA:60,6
DA:62,2
DA:64,2
DA:65,1
DA:66,1
DA:67,1
DA:70,2
DA:71,1
DA:73,1
DA:80,12
DA:81,1
DA:82,1
DA:83,1
DA:86,12
DA:87,1
DA:88,1
DA:91,12
LF:38
LH:38
BRDA:35,0,0,2
BRDA:35,0,1,4
BRDA:37,1,0,4
BRDA:37,1,1,0
BRDA:37,1,2,0
BRDA:38,2,0,0
BRDA:38,2,1,6
BRDA:44,3,0,1
BRDA:44,3,1,3
BRDA:57,4,0,4
BRDA:57,4,1,2
BRDA:59,5,0,2
BRDA:59,5,1,0
BRDA:60,6,0,0
BRDA:60,6,1,6
BRDA:66,7,0,1
BRDA:66,7,1,0
BRDA:67,8,0,1
BRDA:67,8,1,0
BRDA:70,9,0,1
BRDA:70,9,1,1
BRDA:81,10,0,0
BRDA:81,10,1,1
BRF:23
BRH:15
end_of_record
TN:
SF:src\features\multi-run\multiRun.constants.js
FNF:0
FNH:0
DA:1,1
DA:2,1
LF:2
LH:2
BRF:0
BRH:0
end_of_record
TN:
SF:src\features\multi-run\multiRun.utils.js
FN:3,resolveExecutedShots
FN:10,calculatePercentage
FNF:2
FNH:2
FNDA:4,resolveExecutedShots
FNDA:3,calculatePercentage
DA:4,4
DA:5,2
DA:7,2
DA:11,3
DA:12,2
LF:5
LH:5
BRDA:3,0,0,4
BRDA:4,1,0,2
BRDA:4,1,1,2
BRDA:4,2,0,4
BRDA:4,2,1,4
BRDA:4,2,2,3
BRDA:11,3,0,1
BRDA:11,3,1,2
BRF:8
BRH:8
end_of_record
TN:
SF:src\features\step-by-step\index.js
FNF:0
FNH:0
LF:0
LH:0
BRF:0
BRH:0
end_of_record
TN:
SF:src\features\step-by-step\stepByStep.constants.js
FNF:0
FNH:0
DA:1,1
DA:6,1
DA:13,1
DA:23,1
LF:4
LH:4
BRF:0
BRH:0
end_of_record
TN:
SF:src\features\step-by-step\stepByStep.utils.js
FN:4,cellToOp
FN:18,buildGateQueue
FN:39,buildTimeStepQueue
FN:64,buildQueueByMode
FN:70,describeQueueUnit
FNF:5
FNH:0
FNDA:0,cellToOp
FNDA:0,buildGateQueue
FNDA:0,buildTimeStepQueue
FNDA:0,buildQueueByMode
FNDA:0,describeQueueUnit
DA:5,0
DA:7,0
DA:9,0
DA:10,0
DA:12,0
DA:15,0
DA:19,0
DA:20,0
DA:21,0
DA:23,0
DA:24,0
DA:25,0
DA:26,0
DA:28,0
DA:36,0
DA:40,0
DA:41,0
DA:42,0
DA:44,0
DA:45,0
DA:47,0
DA:48,0
DA:49,0
DA:52,0
DA:53,0
DA:61,0
DA:65,0
DA:71,0
DA:73,0
DA:74,0
DA:77,0
DA:78,0
DA:79,0
DA:81,0
LF:34
LH:0
BRDA:5,0,0,0
BRDA:5,0,1,0
BRDA:7,1,0,0
BRDA:7,1,1,0
BRDA:7,2,0,0
BRDA:7,2,1,0
BRDA:9,3,0,0
BRDA:9,3,1,0
BRDA:20,4,0,0
BRDA:20,4,1,0
BRDA:21,5,0,0
BRDA:21,5,1,0
BRDA:26,6,0,0
BRDA:26,6,1,0
BRDA:41,7,0,0
BRDA:41,7,1,0
BRDA:42,8,0,0
BRDA:42,8,1,0
BRDA:49,9,0,0
BRDA:49,9,1,0
BRDA:52,10,0,0
BRDA:52,10,1,0
BRDA:65,11,0,0
BRDA:65,11,1,0
BRDA:71,12,0,0
BRDA:71,12,1,0
BRDA:73,13,0,0
BRDA:73,13,1,0
BRDA:74,14,0,0
BRDA:74,14,1,0
BRDA:78,15,0,0
BRDA:78,15,1,0
BRF:32
BRH:0
end_of_record
TN:
SF:src\features\step-by-step\useFeatureDStepByStep.js
FN:5,useFeatureDStepByStep
FN:14,(anonymous_1)
FN:19,(anonymous_2)
FN:24,(anonymous_3)
FN:30,(anonymous_4)
FN:44,(anonymous_5)
FN:60,(anonymous_6)
FNF:7
FNH:0
FNDA:0,useFeatureDStepByStep
FNDA:0,(anonymous_1)
FNDA:0,(anonymous_2)
FNDA:0,(anonymous_3)
FNDA:0,(anonymous_4)
FNDA:0,(anonymous_5)
FNDA:0,(anonymous_6)
DA:6,0
DA:7,0
DA:8,0
DA:9,0
DA:11,0
DA:12,0
DA:14,0
DA:15,0
DA:16,0
DA:19,0
DA:20,0
DA:21,0
DA:24,0
DA:25,0
DA:26,0
DA:27,0
DA:30,0
DA:31,0
DA:32,0
DA:33,0
DA:35,0
DA:36,0
DA:37,0
DA:40,0
DA:41,0
DA:44,0
DA:45,0
DA:46,0
DA:48,0
DA:49,0
DA:51,0
DA:52,0
DA:54,0
DA:57,0
DA:60,0
DA:61,0
DA:62,0
DA:64,0
DA:65,0
DA:66,0
DA:67,0
DA:70,0
DA:71,0
DA:73,0
DA:74,0
DA:75,0
DA:76,0
DA:77,0
DA:78,0
DA:80,0
DA:81,0
DA:85,0
DA:86,0
DA:87,0
DA:88,0
DA:89,0
DA:90,0
DA:91,0
DA:95,0
LF:59
LH:0
BRDA:35,0,0,0
BRDA:35,0,1,0
BRDA:46,1,0,0
BRDA:46,1,1,0
BRDA:46,2,0,0
BRDA:46,2,1,0
BRDA:51,3,0,0
BRDA:51,3,1,0
BRDA:64,4,0,0
BRDA:64,4,1,0
BRDA:65,5,0,0
BRDA:65,5,1,0
BRDA:77,6,0,0
BRDA:77,6,1,0
BRDA:86,7,0,0
BRDA:86,7,1,0
BRDA:87,8,0,0
BRDA:87,8,1,0
BRDA:87,8,2,0
BRDA:90,9,0,0
BRDA:90,9,1,0
BRDA:91,10,0,0
BRDA:91,10,1,0
BRF:23
BRH:0
end_of_record
TN:
SF:src\features\step-by-step\useStepByStepHandlers.js
FN:35,useStepByStepHandlers
FN:54,(anonymous_1)
FN:64,(anonymous_2)
FN:65,(anonymous_3)
FN:77,(anonymous_4)
FN:86,(anonymous_5)
FNF:6
FNH:0
FNDA:0,useStepByStepHandlers
FNDA:0,(anonymous_1)
FNDA:0,(anonymous_2)
FNDA:0,(anonymous_3)
FNDA:0,(anonymous_4)
FNDA:0,(anonymous_5)
DA:54,0
DA:55,0
DA:56,0
DA:57,0
DA:58,0
DA:59,0
DA:60,0
DA:61,0
DA:64,0
DA:65,0
DA:66,0
DA:67,0
DA:68,0
DA:69,0
DA:70,0
DA:71,0
DA:74,0
DA:75,0
DA:76,0
DA:77,0
DA:86,0
DA:87,0
DA:88,0
DA:89,0
DA:90,0
DA:91,0
DA:92,0
DA:93,0
DA:96,0
DA:107,0
LF:30
LH:0
BRDA:70,0,0,0
BRDA:70,0,1,0
BRDA:71,1,0,0
BRDA:71,1,1,0
BRDA:76,2,0,0
BRDA:76,2,1,0
BRF:6
BRH:0
end_of_record
TN:
SF:src\features\step-by-step\components\StepByStepControls.jsx
FN:10,StepByStepControls
FN:57,(anonymous_1)
FN:66,(anonymous_2)
FN:124,(anonymous_3)
FN:133,(anonymous_4)
FNF:5
FNH:0
FNDA:0,StepByStepControls
FNDA:0,(anonymous_1)
FNDA:0,(anonymous_2)
FNDA:0,(anonymous_3)
FNDA:0,(anonymous_4)
DA:29,0
DA:30,0
DA:31,0
DA:33,0
DA:57,0
DA:66,0
DA:124,0
DA:134,0
LF:8
LH:0
BRDA:55,0,0,0
BRDA:55,0,1,0
BRDA:56,1,0,0
BRDA:56,1,1,0
BRDA:64,2,0,0
BRDA:64,2,1,0
BRDA:65,3,0,0
BRDA:65,3,1,0
BRDA:85,4,0,0
BRDA:85,4,1,0
BRDA:93,5,0,0
BRDA:93,5,1,0
BRDA:96,6,0,0
BRDA:96,6,1,0
BRDA:104,7,0,0
BRDA:104,7,1,0
BRDA:114,8,0,0
BRDA:114,8,1,0
BRDA:115,9,0,0
BRDA:115,9,1,0
BRDA:118,10,0,0
BRDA:118,10,1,0
BRDA:123,11,0,0
BRDA:123,11,1,0
BRDA:123,11,2,0
BRDA:159,12,0,0
BRDA:159,12,1,0
BRF:27
BRH:0
end_of_record
TN:
SF:src\features\templates\template.utils.js
FN:1,cloneCircuit
FN:2,(anonymous_1)
FN:5,isCircuitEmpty
FN:6,(anonymous_3)
FN:6,(anonymous_4)
FN:9,parseTags
FN:15,(anonymous_6)
FN:20,buildMiniMeta
FNF:8
FNH:8
FNDA:1,cloneCircuit
FNDA:2,(anonymous_1)
FNDA:2,isCircuitEmpty
FNDA:3,(anonymous_3)
FNDA:6,(anonymous_4)
FNDA:4,parseTags
FNDA:6,(anonymous_6)
FNDA:1,buildMiniMeta
DA:2,2
DA:6,6
DA:10,4
DA:12,2
DA:15,6
DA:21,1
DA:22,1
DA:23,1
DA:25,1
LF:9
LH:9
BRDA:10,0,0,2
BRDA:10,0,1,2
BRDA:22,1,0,1
BRDA:22,1,1,0
BRF:4
BRH:3
end_of_record
TN:
SF:src\hooks\useAuth.js
FN:9,useAuth
FNF:1
FNH:1
FNDA:15,useAuth
DA:10,15
LF:1
LH:1
BRF:0
BRH:0
end_of_record
TN:
SF:src\styles\tokens.js
FN:51,(anonymous_0)
FNF:1
FNH:0
FNDA:0,(anonymous_0)
DA:5,2
DA:51,0
LF:2
LH:1
BRF:0
BRH:0
end_of_record
