TN:
SF:openapi.json
FNF:0
FNH:0
DA:1,2
DA:2,2
DA:3,2
DA:4,2
DA:5,2
DA:6,2
LF:6
LH:6
BRF:0
BRH:0
end_of_record
TN:
SF:controllers\auth.controller.js
FN:8,(anonymous_0)
FN:18,(anonymous_1)
FN:23,(anonymous_2)
FN:34,(anonymous_3)
FN:68,(anonymous_4)
FN:87,(anonymous_5)
FN:103,(anonymous_6)
FN:147,(anonymous_7)
FN:173,(anonymous_8)
FN:220,(anonymous_9)
FNF:10
FNH:9
FNDA:15,(anonymous_0)
FNDA:14,(anonymous_1)
FNDA:14,(anonymous_2)
FNDA:13,(anonymous_3)
FNDA:14,(anonymous_4)
FNDA:0,(anonymous_5)
FNDA:9,(anonymous_6)
FNDA:1,(anonymous_7)
FNDA:2,(anonymous_8)
FNDA:3,(anonymous_9)
DA:8,3
DA:9,15
DA:18,3
DA:19,14
DA:23,3
DA:24,14
DA:34,3
DA:35,13
DA:36,13
DA:38,13
DA:40,13
DA:41,13
DA:68,3
DA:69,14
DA:70,14
DA:72,14
DA:73,3
DA:76,11
DA:77,11
DA:79,9
DA:80,9
DA:82,8
DA:83,8
DA:85,0
DA:86,0
DA:87,0
DA:88,0
DA:90,0
DA:91,0
DA:103,3
DA:104,9
DA:105,9
DA:107,9
DA:108,2
DA:111,7
DA:112,7
DA:114,6
DA:115,0
DA:116,0
DA:117,0
DA:120,6
DA:121,6
DA:122,1
DA:123,1
DA:127,5
DA:128,0
DA:131,5
DA:133,0
DA:134,0
DA:135,0
DA:147,3
DA:148,1
DA:149,1
DA:150,0
DA:151,0
DA:152,0
DA:157,1
DA:158,1
DA:173,3
DA:174,2
DA:175,2
DA:177,1
DA:178,1
DA:179,1
DA:180,1
DA:183,1
DA:184,0
DA:187,1
DA:188,1
DA:189,1
DA:191,1
DA:192,1
DA:208,0
DA:220,3
DA:221,3
DA:222,3
DA:223,2
DA:224,1
DA:226,1
DA:227,1
DA:228,1
LF:81
LH:63
BRDA:20,0,0,14
BRDA:20,0,1,0
BRDA:25,1,0,14
BRDA:25,1,1,14
BRDA:72,2,0,3
BRDA:72,2,1,11
BRDA:72,3,0,14
BRDA:72,3,1,13
BRDA:72,3,2,12
BRDA:77,4,0,2
BRDA:77,4,1,9
BRDA:80,5,0,1
BRDA:80,5,1,8
BRDA:86,6,0,0
BRDA:86,6,1,0
BRDA:107,7,0,2
BRDA:107,7,1,7
BRDA:107,8,0,9
BRDA:107,8,1,8
BRDA:112,9,0,1
BRDA:112,9,1,6
BRDA:114,10,0,0
BRDA:114,10,1,6
BRDA:121,11,0,1
BRDA:121,11,1,5
BRDA:127,12,0,0
BRDA:127,12,1,5
BRDA:149,13,0,0
BRDA:149,13,1,1
BRDA:175,14,0,1
BRDA:175,14,1,1
BRDA:180,15,0,0
BRDA:180,15,1,1
BRDA:183,16,0,0
BRDA:183,16,1,1
BRDA:223,17,0,1
BRDA:223,17,1,1
BRF:37
BRH:29
end_of_record
TN:
SF:controllers\circuit.controller.js
FN:13,isValidQubitState
FN:28,(anonymous_1)
FN:76,(anonymous_2)
FN:87,(anonymous_3)
FN:151,(anonymous_4)
FN:184,(anonymous_5)
FN:215,(anonymous_6)
FN:243,(anonymous_7)
FN:283,(anonymous_8)
FNF:9
FNH:9
FNDA:3,isValidQubitState
FNDA:3,(anonymous_1)
FNDA:3,(anonymous_2)
FNDA:2,(anonymous_3)
FNDA:14,(anonymous_4)
FNDA:5,(anonymous_5)
FNDA:4,(anonymous_6)
FNDA:6,(anonymous_7)
FNDA:6,(anonymous_8)
DA:9,3
DA:14,3
DA:15,3
DA:16,2
DA:17,2
DA:28,3
DA:29,3
DA:30,3
DA:32,3
DA:33,2
DA:36,1
DA:37,1
DA:38,3
DA:39,3
DA:40,3
DA:42,0
DA:43,0
DA:44,0
DA:76,3
DA:77,3
DA:78,3
DA:80,3
DA:81,0
DA:83,3
DA:84,1
DA:87,2
DA:89,2
DA:90,0
DA:91,0
DA:93,0
DA:94,0
DA:96,0
DA:97,0
DA:99,0
DA:100,0
DA:103,0
DA:105,0
DA:106,0
DA:107,0
DA:110,0
DA:111,0
DA:112,0
DA:114,0
DA:118,2
DA:119,0
DA:121,2
DA:122,1
DA:124,1
DA:125,0
DA:128,1
DA:129,1
DA:130,1
DA:131,1
DA:133,1
DA:135,0
DA:136,0
DA:137,0
DA:151,3
DA:152,14
DA:153,14
DA:155,14
DA:156,1
DA:158,13
DA:159,1
DA:162,12
DA:169,12
DA:171,0
DA:172,0
DA:173,0
DA:184,3
DA:185,5
DA:186,5
DA:187,5
DA:188,5
DA:190,5
DA:200,4
DA:202,1
DA:203,1
DA:204,1
DA:215,3
DA:216,4
DA:217,4
DA:218,1
DA:221,3
DA:222,3
DA:223,2
DA:224,1
DA:227,1
DA:229,0
DA:230,0
DA:231,0
DA:243,3
DA:244,6
DA:245,6
DA:246,1
DA:249,5
DA:250,5
DA:251,4
DA:252,2
DA:255,2
DA:256,2
DA:257,2
DA:258,0
DA:259,0
DA:261,0
DA:262,0
DA:263,0
DA:265,2
DA:267,2
DA:268,2
DA:270,0
DA:271,0
DA:272,0
DA:283,3
DA:284,6
DA:285,6
DA:286,1
DA:289,5
DA:290,5
DA:291,3
DA:292,1
DA:295,2
DA:296,2
DA:298,0
DA:299,0
DA:300,0
LF:126
LH:84
BRDA:14,0,0,0
BRDA:14,0,1,3
BRDA:14,1,0,3
BRDA:14,1,1,3
BRDA:15,2,0,1
BRDA:15,2,1,2
BRDA:15,3,0,3
BRDA:15,3,1,1
BRDA:16,4,0,0
BRDA:16,4,1,2
BRDA:30,5,0,3
BRDA:32,6,0,2
BRDA:32,6,1,1
BRDA:37,7,0,1
BRDA:37,7,1,0
BRDA:38,8,0,3
BRDA:38,8,1,0
BRDA:80,9,0,0
BRDA:80,9,1,3
BRDA:80,10,0,3
BRDA:80,10,1,3
BRDA:83,11,0,1
BRDA:83,11,1,2
BRDA:89,12,0,0
BRDA:89,12,1,2
BRDA:90,13,0,0
BRDA:90,13,1,0
BRDA:90,14,0,0
BRDA:90,14,1,0
BRDA:93,15,0,0
BRDA:93,15,1,0
BRDA:93,16,0,0
BRDA:93,16,1,0
BRDA:96,17,0,0
BRDA:96,17,1,0
BRDA:96,18,0,0
BRDA:96,18,1,0
BRDA:99,19,0,0
BRDA:99,19,1,0
BRDA:105,20,0,0
BRDA:105,20,1,0
BRDA:106,21,0,0
BRDA:106,21,1,0
BRDA:110,22,0,0
BRDA:110,22,1,0
BRDA:118,23,0,0
BRDA:118,23,1,2
BRDA:121,24,0,1
BRDA:121,24,1,1
BRDA:124,25,0,0
BRDA:124,25,1,1
BRDA:124,26,0,1
BRDA:124,26,1,1
BRDA:155,27,0,1
BRDA:155,27,1,13
BRDA:155,28,0,14
BRDA:155,28,1,13
BRDA:158,29,0,1
BRDA:158,29,1,12
BRDA:164,30,0,12
BRDA:164,30,1,0
BRDA:164,31,0,12
BRDA:164,31,1,12
BRDA:186,32,0,5
BRDA:186,32,1,4
BRDA:187,33,0,5
BRDA:187,33,1,4
BRDA:217,34,0,1
BRDA:217,34,1,3
BRDA:222,35,0,1
BRDA:222,35,1,2
BRDA:223,36,0,1
BRDA:223,36,1,1
BRDA:245,37,0,1
BRDA:245,37,1,5
BRDA:250,38,0,1
BRDA:250,38,1,4
BRDA:251,39,0,2
BRDA:251,39,1,2
BRDA:256,40,0,2
BRDA:256,40,1,0
BRDA:256,41,0,2
BRDA:256,41,1,2
BRDA:257,42,0,0
BRDA:257,42,1,2
BRDA:258,43,0,0
BRDA:258,43,1,0
BRDA:265,44,0,0
BRDA:265,44,1,2
BRDA:285,45,0,1
BRDA:285,45,1,5
BRDA:290,46,0,2
BRDA:290,46,1,3
BRDA:291,47,0,1
BRDA:291,47,1,2
BRF:95
BRH:61
end_of_record
TN:
SF:controllers\template.controller.js
FN:17,normalizePayload
FN:33,getRequesterIdFromCookie
FN:50,isValidTemplateId
FN:61,(anonymous_3)
FN:85,(anonymous_4)
FN:115,(anonymous_5)
FN:156,(anonymous_6)
FN:186,(anonymous_7)
FN:221,(anonymous_8)
FNF:9
FNH:9
FNDA:8,normalizePayload
FNDA:2,getRequesterIdFromCookie
FNDA:17,isValidTemplateId
FNDA:5,(anonymous_3)
FNDA:3,(anonymous_4)
FNDA:4,(anonymous_5)
FNDA:5,(anonymous_6)
FNDA:7,(anonymous_7)
FNDA:5,(anonymous_8)
DA:9,3
DA:18,8
DA:34,2
DA:35,2
DA:36,2
DA:37,0
DA:38,0
DA:40,0
DA:51,17
DA:61,3
DA:62,5
DA:63,5
DA:65,5
DA:67,4
DA:68,2
DA:69,2
DA:71,2
DA:72,2
DA:73,1
DA:74,1
DA:85,3
DA:86,3
DA:87,3
DA:88,3
DA:89,3
DA:91,3
DA:100,2
DA:102,1
DA:103,1
DA:104,1
DA:115,3
DA:116,4
DA:117,4
DA:118,4
DA:119,4
DA:121,4
DA:122,4
DA:123,4
DA:125,3
DA:126,3
DA:127,3
DA:129,3
DA:139,2
DA:140,2
DA:141,2
DA:143,1
DA:144,1
DA:145,1
DA:156,3
DA:157,5
DA:158,5
DA:160,4
DA:164,3
DA:166,2
DA:167,5
DA:169,5
DA:171,1
DA:173,1
DA:174,1
DA:175,1
DA:186,3
DA:187,7
DA:188,7
DA:190,6
DA:191,5
DA:192,4
DA:194,3
DA:195,3
DA:197,2
DA:198,2
DA:199,2
DA:200,2
DA:201,2
DA:203,2
DA:204,1
DA:205,1
DA:207,2
DA:208,2
DA:209,1
DA:210,1
DA:221,3
DA:222,5
DA:223,5
DA:225,4
DA:226,3
DA:227,2
DA:229,1
DA:230,1
DA:231,1
DA:233,1
DA:234,1
DA:235,1
LF:92
LH:89
BRDA:17,0,0,8
BRDA:19,1,0,8
BRDA:19,1,1,0
BRDA:20,2,0,3
BRDA:20,2,1,5
BRDA:22,3,0,7
BRDA:22,3,1,1
BRDA:36,4,0,2
BRDA:36,4,1,0
BRDA:38,5,0,0
BRDA:38,5,1,0
BRDA:65,6,0,1
BRDA:65,6,1,4
BRDA:68,7,0,1
BRDA:68,7,1,1
BRDA:72,8,0,1
BRDA:72,8,1,1
BRDA:87,9,0,3
BRDA:87,9,1,2
BRDA:88,10,0,3
BRDA:88,10,1,2
BRDA:117,11,0,1
BRDA:117,11,1,3
BRDA:118,12,0,4
BRDA:118,12,1,4
BRDA:119,13,0,4
BRDA:119,13,1,4
BRDA:123,14,0,1
BRDA:123,14,1,3
BRDA:127,15,0,1
BRDA:127,15,1,2
BRDA:158,16,0,1
BRDA:158,16,1,4
BRDA:164,17,0,1
BRDA:164,17,1,2
BRDA:166,18,0,2
BRDA:166,18,1,2
BRDA:167,19,0,5
BRDA:167,19,1,0
BRDA:167,20,0,0
BRDA:167,20,1,0
BRDA:169,21,0,1
BRDA:169,21,1,4
BRDA:169,22,0,5
BRDA:169,22,1,1
BRDA:188,23,0,1
BRDA:188,23,1,6
BRDA:191,24,0,1
BRDA:191,24,1,4
BRDA:192,25,0,1
BRDA:192,25,1,3
BRDA:195,26,0,1
BRDA:195,26,1,2
BRDA:208,27,0,1
BRDA:208,27,1,1
BRDA:223,28,0,1
BRDA:223,28,1,4
BRDA:226,29,0,1
BRDA:226,29,1,2
BRDA:227,30,0,1
BRDA:227,30,1,1
BRF:61
BRH:54
end_of_record
TN:
SF:middleware\auth.middleware.js
FN:13,cacheGet
FN:20,cacheSet
FN:29,_clearUserCache
FN:41,(anonymous_3)
FNF:4
FNH:4
FNDA:25,cacheGet
FNDA:6,cacheSet
FNDA:6,_clearUserCache
FNDA:28,(anonymous_3)
DA:8,3
DA:9,3
DA:11,3
DA:14,25
DA:15,25
DA:16,19
DA:17,18
DA:21,6
DA:23,0
DA:25,6
DA:29,6
DA:41,3
DA:42,28
DA:44,28
DA:45,2
DA:51,26
DA:53,26
DA:56,26
DA:57,26
DA:58,7
DA:59,7
DA:60,1
DA:65,6
DA:66,6
DA:69,24
DA:70,24
DA:73,1
DA:77,1
LF:28
LH:27
BRDA:15,0,0,6
BRDA:15,0,1,19
BRDA:16,1,0,1
BRDA:16,1,1,18
BRDA:21,2,0,0
BRDA:21,2,1,6
BRDA:44,3,0,2
BRDA:44,3,1,26
BRDA:57,4,0,7
BRDA:57,4,1,19
BRDA:59,5,0,1
BRDA:59,5,1,6
BRDA:73,6,0,0
BRDA:73,6,1,1
BRF:14
BRH:12
end_of_record
TN:
SF:middleware\perf.js
FN:3,perfLogger
FN:6,(anonymous_1)
FNF:2
FNH:2
FNDA:38,perfLogger
FNDA:38,(anonymous_1)
DA:4,38
DA:6,38
DA:7,38
DA:8,38
DA:9,38
DA:11,38
DA:18,38
DA:19,0
DA:21,38
DA:25,38
LF:10
LH:9
BRDA:18,0,0,0
BRDA:18,0,1,38
BRF:2
BRH:1
end_of_record
TN:
SF:middleware\validate.js
FN:7,(anonymous_0)
FN:7,(anonymous_1)
FN:11,(anonymous_2)
FNF:3
FNH:3
FNDA:34,(anonymous_0)
FNDA:36,(anonymous_1)
FNDA:4,(anonymous_2)
DA:7,34
DA:8,36
DA:10,36
DA:11,4
DA:12,2
DA:15,34
DA:16,34
DA:17,34
LF:8
LH:8
BRDA:7,0,0,34
BRDA:10,1,0,2
BRDA:10,1,1,34
BRDA:12,2,0,2
BRDA:12,2,1,0
BRF:5
BRH:4
end_of_record
TN:
SF:models\Circuit.model.js
FNF:0
FNH:0
DA:4,3
DA:19,3
LF:2
LH:2
BRF:0
BRH:0
end_of_record
TN:
SF:models\Template.model.js
FN:7,isValidCircuitMatrix
FN:69,(anonymous_1)
FN:72,(anonymous_2)
FNF:3
FNH:3
FNDA:11,isValidCircuitMatrix
FNDA:11,(anonymous_1)
FNDA:8,(anonymous_2)
DA:3,4
DA:4,4
DA:5,4
DA:8,11
DA:9,10
DA:10,9
DA:12,9
DA:13,9
DA:15,8
DA:16,11
DA:18,10
DA:19,15
DA:23,5
DA:26,4
DA:65,4
DA:66,4
DA:67,4
DA:69,4
DA:70,11
DA:71,11
DA:72,8
DA:74,11
LF:22
LH:22
BRDA:8,0,0,1
BRDA:8,0,1,10
BRDA:8,1,0,11
BRDA:8,1,1,11
BRDA:9,2,0,1
BRDA:9,2,1,9
BRDA:10,3,0,0
BRDA:10,3,1,9
BRDA:10,4,0,9
BRDA:10,4,1,9
BRDA:13,5,0,1
BRDA:13,5,1,8
BRDA:16,6,0,1
BRDA:16,6,1,10
BRDA:16,7,0,11
BRDA:16,7,1,11
BRDA:19,8,0,2
BRDA:19,8,1,13
BRDA:19,9,0,15
BRDA:19,9,1,11
BRDA:70,10,0,11
BRDA:70,10,1,0
BRF:22
BRH:20
end_of_record
TN:
SF:models\User.model.js
FN:51,(anonymous_0)
FN:62,(anonymous_1)
FN:70,(anonymous_2)
FN:83,(anonymous_3)
FN:92,(anonymous_4)
FNF:5
FNH:5
FNDA:7,(anonymous_0)
FNDA:5,(anonymous_1)
FNDA:13,(anonymous_2)
FNDA:5,(anonymous_3)
FNDA:1,(anonymous_4)
DA:4,4
DA:5,4
DA:7,4
DA:51,4
DA:52,7
DA:53,7
DA:62,4
DA:63,5
DA:70,4
DA:71,13
DA:83,4
DA:84,5
DA:92,4
DA:94,1
DA:95,0
DA:97,1
DA:98,1
DA:99,0
DA:101,1
LF:19
LH:17
BRDA:52,0,0,0
BRDA:52,0,1,7
BRDA:84,1,0,5
BRDA:84,1,1,0
BRDA:94,2,0,0
BRDA:94,2,1,1
BRDA:94,3,0,1
BRDA:94,3,1,0
BRDA:98,4,0,0
BRDA:98,4,1,1
BRDA:98,5,0,1
BRDA:98,5,1,0
BRF:12
BRH:6
end_of_record
TN:
SF:routes\auth.routes.js
FNF:0
FNH:0
DA:7,2
DA:9,2
DA:10,2
DA:11,2
DA:12,2
DA:13,2
LF:6
LH:6
BRF:0
BRH:0
end_of_record
TN:
SF:routes\circuit.routes.js
FNF:0
FNH:0
DA:14,2
DA:16,2
DA:17,2
DA:20,2
DA:21,2
DA:22,2
DA:23,2
DA:24,2
LF:8
LH:8
BRF:0
BRH:0
end_of_record
TN:
SF:routes\template.routes.js
FNF:0
FNH:0
DA:19,2
DA:21,2
DA:22,2
DA:23,2
DA:24,2
DA:25,2
DA:26,2
LF:7
LH:7
BRF:0
BRH:0
end_of_record
TN:
SF:services\quantum.service.js
FN:38,applyGateStep
FN:66,createStatevector
FN:76,applyH
FN:99,applyX
FN:123,applyS
FN:141,applyCNOT
FN:170,measureQubit
FN:203,sampleFromStatevector
FN:243,simulate
FN:247,(anonymous_9)
FN:248,(anonymous_10)
FNF:11
FNH:11
FNDA:9,applyGateStep
FNDA:4400,createStatevector
FNDA:3456,applyH
FNDA:640,applyX
FNDA:704,applyS
FNDA:3616,applyCNOT
FNDA:8016,measureQubit
FNDA:4400,sampleFromStatevector
FNDA:16,simulate
FNDA:17,(anonymous_9)
FNDA:46,(anonymous_10)
DA:39,9
DA:41,2
DA:43,7
DA:45,4
DA:47,3
DA:48,3
DA:49,3
DA:51,0
DA:55,0
DA:57,0
DA:67,4400
DA:68,4400
DA:69,4400
DA:70,4400
DA:77,3456
DA:78,3456
DA:79,3456
DA:81,3456
DA:82,7552
DA:83,7552
DA:84,7552
DA:86,7552
DA:87,7552
DA:89,7552
DA:90,7552
DA:91,7552
DA:92,7552
DA:100,640
DA:101,640
DA:103,640
DA:104,656
DA:105,656
DA:106,656
DA:109,656
DA:110,656
DA:111,656
DA:113,656
DA:114,656
DA:115,656
DA:124,704
DA:125,704
DA:127,704
DA:128,704
DA:129,704
DA:131,704
DA:132,704
DA:133,704
DA:134,704
DA:142,3616
DA:143,3616
DA:144,3616
DA:146,3616
DA:148,22656
DA:149,11328
DA:150,11328
DA:151,5664
DA:152,5664
DA:154,5664
DA:155,5664
DA:156,5664
DA:158,5664
DA:159,5664
DA:160,5664
DA:171,8016
DA:172,8016
DA:173,8016
DA:176,8016
DA:177,40736
DA:178,20368
DA:179,20368
DA:183,8016
DA:184,8016
DA:187,8016
DA:188,40736
DA:189,20368
DA:190,20368
DA:192,20368
DA:193,20368
DA:197,8016
DA:204,4400
DA:205,4400
DA:206,4400
DA:209,4400
DA:210,18080
DA:211,18080
DA:212,18080
DA:216,4400
DA:217,4400
DA:218,10878
DA:219,10878
DA:222,0
DA:244,16
DA:245,16
DA:247,16
DA:248,46
DA:250,16
DA:251,1
DA:254,15
DA:256,15
DA:257,4400
DA:260,4400
DA:261,12816
DA:262,25184
DA:263,25184
DA:266,20048
DA:267,12816
DA:268,9360
DA:269,8720
DA:270,8016
DA:271,7232
DA:272,3616
DA:278,4400
DA:279,4400
DA:282,15
LF:114
LH:110
BRDA:39,0,0,2
BRDA:39,0,1,7
BRDA:43,1,0,4
BRDA:43,1,1,3
BRDA:45,2,0,1
BRDA:45,2,1,3
BRDA:47,3,0,3
BRDA:47,3,1,0
BRDA:48,4,0,2
BRDA:48,4,1,1
BRDA:48,5,0,1
BRDA:48,5,1,1
BRDA:51,6,0,0
BRDA:51,6,1,0
BRDA:148,7,0,11328
BRDA:148,7,1,11328
BRDA:150,8,0,5664
BRDA:150,8,1,5664
BRDA:177,9,0,20368
BRDA:177,9,1,20368
BRDA:183,10,0,4154
BRDA:183,10,1,3862
BRDA:184,11,0,4154
BRDA:184,11,1,3862
BRDA:188,12,0,20368
BRDA:188,12,1,20368
BRDA:219,13,0,4400
BRDA:219,13,1,6478
BRDA:243,14,0,16
BRDA:245,15,0,16
BRDA:245,15,1,0
BRDA:248,16,0,46
BRDA:248,16,1,31
BRDA:248,16,2,28
BRDA:248,16,3,5
BRDA:250,17,0,1
BRDA:250,17,1,15
BRDA:263,18,0,5136
BRDA:263,18,1,20048
BRDA:266,19,0,12816
BRDA:266,19,1,7232
BRDA:267,20,0,3456
BRDA:267,20,1,9360
BRDA:268,21,0,640
BRDA:268,21,1,8720
BRDA:269,22,0,704
BRDA:269,22,1,8016
BRDA:270,23,0,8016
BRDA:270,23,1,0
BRDA:271,24,0,3616
BRDA:271,24,1,3616
BRDA:271,25,0,7232
BRDA:271,25,1,7232
BRDA:271,25,2,7232
BRDA:279,26,0,4400
BRDA:279,26,1,19
BRF:56
BRH:51
end_of_record
TN:
SF:utils\cache.js
FN:18,(anonymous_0)
FN:26,(anonymous_1)
FN:41,(anonymous_2)
FN:53,(anonymous_3)
FN:59,(anonymous_4)
FN:61,(anonymous_5)
FNF:6
FNH:6
FNDA:4,(anonymous_0)
FNDA:14,(anonymous_1)
FNDA:2024,(anonymous_2)
FNDA:5,(anonymous_3)
FNDA:12,(anonymous_4)
FNDA:5,(anonymous_5)
DA:1,4
DA:2,4
DA:10,4
DA:19,4
DA:27,14
DA:28,14
DA:29,6
DA:30,1
DA:31,1
DA:33,5
DA:42,2024
DA:44,11
DA:46,2024
DA:54,5
DA:55,6
DA:59,12
DA:61,5
DA:65,4
LF:18
LH:18
BRDA:18,0,0,4
BRDA:18,1,0,4
BRDA:28,2,0,8
BRDA:28,2,1,6
BRDA:29,3,0,1
BRDA:29,3,1,5
BRDA:41,4,0,2024
BRDA:42,5,0,11
BRDA:42,5,1,2013
BRDA:55,6,0,4
BRDA:55,6,1,2
BRF:11
BRH:11
end_of_record
TN:
SF:utils\circuitValidation.js
FN:23,isValidCnotCell
FN:38,isValidCircuitMatrix
FNF:2
FNH:2
FNDA:21,isValidCnotCell
FNDA:48,isValidCircuitMatrix
DA:13,4
DA:14,4
DA:15,4
DA:24,21
DA:25,19
DA:26,17
DA:27,16
DA:28,15
DA:29,12
DA:30,11
DA:39,48
DA:40,45
DA:41,43
DA:43,42
DA:44,42
DA:45,42
DA:47,41
DA:48,116
DA:49,116
DA:51,114
DA:52,774
DA:53,774
DA:55,25
DA:56,13
DA:57,11
DA:60,12
DA:61,11
DA:62,9
DA:63,11
DA:64,7
DA:65,5
DA:66,11
DA:67,4
DA:70,1
DA:74,29
LF:35
LH:35
BRDA:24,0,0,2
BRDA:24,0,1,19
BRDA:24,1,0,21
BRDA:24,1,1,20
BRDA:25,2,0,2
BRDA:25,2,1,17
BRDA:26,3,0,1
BRDA:26,3,1,16
BRDA:26,4,0,17
BRDA:26,4,1,4
BRDA:27,5,0,1
BRDA:27,5,1,15
BRDA:28,6,0,3
BRDA:28,6,1,12
BRDA:28,7,0,15
BRDA:28,7,1,14
BRDA:29,8,0,1
BRDA:29,8,1,11
BRDA:39,9,0,3
BRDA:39,9,1,45
BRDA:39,10,0,48
BRDA:39,10,1,46
BRDA:40,11,0,2
BRDA:40,11,1,43
BRDA:41,12,0,1
BRDA:41,12,1,42
BRDA:45,13,0,1
BRDA:45,13,1,41
BRDA:49,14,0,2
BRDA:49,14,1,114
BRDA:49,15,0,116
BRDA:49,15,1,116
BRDA:53,16,0,749
BRDA:53,16,1,25
BRDA:55,17,0,13
BRDA:55,17,1,12
BRDA:56,18,0,2
BRDA:56,18,1,11
BRDA:60,19,0,11
BRDA:60,19,1,1
BRDA:61,20,0,2
BRDA:61,20,1,9
BRDA:63,21,0,2
BRDA:63,21,1,9
BRDA:63,22,0,11
BRDA:63,22,1,8
BRDA:64,23,0,2
BRDA:64,23,1,5
BRDA:64,24,0,7
BRDA:64,24,1,6
BRDA:65,25,0,3
BRDA:65,25,1,2
BRDA:66,26,0,1
BRDA:66,26,1,10
BRF:54
BRH:54
end_of_record
TN:
SF:utils\logger.js
FNF:0
FNH:0
DA:3,5
LF:1
LH:1
BRDA:4,0,0,5
BRDA:4,0,1,5
BRDA:4,1,0,0
BRDA:4,1,1,5
BRDA:5,2,0,5
BRDA:5,2,1,5
BRF:6
BRH:5
end_of_record
TN:
SF:utils\respond.js
FN:7,(anonymous_0)
FN:11,(anonymous_1)
FNF:2
FNH:2
FNDA:34,(anonymous_0)
FNDA:52,(anonymous_1)
DA:7,5
DA:8,34
DA:11,5
DA:12,52
LF:4
LH:4
BRDA:7,0,0,34
BRDA:7,1,0,34
BRDA:11,2,0,52
BRF:3
BRH:3
end_of_record
TN:
SF:validators\auth.schemas.js
FNF:0
FNH:0
DA:3,2
DA:8,2
DA:16,2
DA:25,2
LF:4
LH:4
BRF:0
BRH:0
end_of_record
TN:
SF:validators\circuit.schemas.js
FN:54,(anonymous_0)
FNF:1
FNH:1
FNDA:2,(anonymous_0)
DA:3,2
DA:12,2
DA:18,2
DA:20,2
DA:24,2
DA:29,2
DA:34,2
DA:43,2
DA:48,2
DA:54,2
DA:58,2
DA:62,2
LF:12
LH:12
BRDA:54,0,0,2
BRDA:54,0,1,0
BRDA:54,0,2,0
BRF:3
BRH:1
end_of_record
TN:
SF:validators\template.schemas.js
FNF:0
FNH:0
DA:3,2
DA:11,2
DA:17,2
DA:19,2
DA:23,2
DA:31,2
DA:33,2
DA:37,2
LF:8
LH:8
BRF:0
BRH:0
end_of_record
